Arguments: 
  C:\Program Files\nodejs\node.exe C:\Program Files (x86)\Yarn\bin\yarn.js add express eslint numjuks

PATH: 
  C:\Program Files (x86)\GnuWin32\bin;C:\Python27\;C:\Python27\Scripts;C:\WINDOWS\system32;C:\WINDOWS;C:\WINDOWS\System32\Wbem;C:\WINDOWS\System32\WindowsPowerShell\v1.0\;C:\WINDOWS\System32\OpenSSH\;C:\Apache24\bin;C:\php;C:\Program Files\Git\cmd;C:\ProgramData\ComposerSetup\bin;C:\ProgramData\chocolatey\bin;C:\Program Files\nodejs\;C:\Program Files\Java\jdk1.8.0_181\bin;C:\Program Files\PuTTY\;C:\Program Files\Microsoft VS Code\bin;C:\leinigen;C:\Program Files (x86)\Yarn\bin\;C:\Users\neton\AppData\Local\Microsoft\WindowsApps;C:\Users\neton\AppData\Roaming\Composer\vendor\bin;C:\Users\neton\AppData\Roaming\npm;C:\Users\neton\AppData\Local\Android\Sdk\emulator;C:\Users\neton\AppData\Local\Android\Sdk\platform-tools;C:\Users\neton\AppData\Local\Yarn\bin

Yarn version: 
  1.13.0

Node version: 
  10.8.0

Platform: 
  win32 x64

Trace: 
  Error: https://registry.yarnpkg.com/numjuks: Not found
      at Request.params.callback [as _callback] (C:\Program Files (x86)\Yarn\lib\cli.js:65364:18)
      at Request.self.callback (C:\Program Files (x86)\Yarn\lib\cli.js:129397:22)
      at Request.emit (events.js:182:13)
      at Request.<anonymous> (C:\Program Files (x86)\Yarn\lib\cli.js:130369:10)
      at Request.emit (events.js:182:13)
      at IncomingMessage.<anonymous> (C:\Program Files (x86)\Yarn\lib\cli.js:130291:12)
      at Object.onceWrapper (events.js:273:13)
      at IncomingMessage.emit (events.js:187:15)
      at endReadableNT (_stream_readable.js:1081:12)
      at process._tickCallback (internal/process/next_tick.js:63:19)

npm manifest: 
  {
    "name": "m1-d1",
    "version": "1.0.0",
    "main": "index.js",
    "license": "MIT"
  }

yarn manifest: 
  No manifest

Lockfile: 
  No lockfile
